<?xml version="1.0" encoding="UTF-8"?>
<!-- Generated by org.testng.reporters.JUnitReportReporter -->
<testsuite skipped="0" hostname="AAI" name="testcases.Test3" tests="1" failures="0" timestamp="12 Oct 2019 14:28:13 GMT" time="19.194" errors="0">
  <testcase name="verifyAddCommentAPI" time="19.194" classname="testcases.Test3"/>
</testsuite> <!-- testcases.Test3 -->
