<?xml version="1.0" encoding="UTF-8"?>
<!-- Generated by org.testng.reporters.JUnitReportReporter -->
<testsuite skipped="0" hostname="AAI" name="testcases.TestGetRequest" tests="1" failures="0" timestamp="09 Oct 2019 15:56:07 GMT" time="3.675" errors="0">
  <testcase name="testGetRequest" time="3.675" classname="testcases.TestGetRequest"/>
</testsuite> <!-- testcases.TestGetRequest -->
