<?xml version="1.0" encoding="UTF-8"?>
<!-- Generated by org.testng.reporters.JUnitReportReporter -->
<testsuite skipped="0" hostname="AAI" name="testcases.Test2" tests="1" failures="0" timestamp="12 Oct 2019 11:02:30 GMT" time="8.807" errors="0">
  <testcase name="verifyJAPI" time="8.807" classname="testcases.Test2"/>
</testsuite> <!-- testcases.Test2 -->
