<?xml version="1.0" encoding="UTF-8"?>
<!-- Generated by org.testng.reporters.JUnitReportReporter -->
<testsuite skipped="0" hostname="AAI" name="testcases.Test4" tests="1" failures="0" timestamp="12 Oct 2019 14:36:04 GMT" time="8.689" errors="0">
  <testcase name="verifyAddCommentAPI" time="8.689" classname="testcases.Test4"/>
</testsuite> <!-- testcases.Test4 -->
