<?xml version="1.0" encoding="UTF-8"?>
<!-- Generated by org.testng.reporters.JUnitReportReporter -->
<testsuite skipped="0" hostname="AAI" name="testcases.Test2" tests="1" failures="0" timestamp="12 Oct 2019 14:22:33 GMT" time="13.870" errors="0">
  <testcase name="verifyCreateIssueAPI" time="13.870" classname="testcases.Test2"/>
</testsuite> <!-- testcases.Test2 -->
